SYMBOL TABLE:
80000000 l    d  .text	00000000 .text
8000002c l    d  .data	00000000 .data
00000000 l    df *ABS*	00000000 newVar3.o
00000008 l       *ABS*	00000000 len
00000001 l       *ABS*	00000000 enroll
00000004 l       *ABS*	00000000 elem_sz
8000002c l       .data	00000000 _x
80000010 l       .text	00000000 lp
80000028 l       .text	00000000 lp2
80000000 g       .text	00000000 _start
8000004c g       .data	00000000 _end



Дизассемблирование раздела .text:

80000000 <_start>:
80000000:	00000097          	auipc	x1,0x0
80000004:	02c08093          	addi	x1,x1,44 # 8000002c <_x>
80000008:	00000fb3          	add	x31,x0,x0
8000000c:	01c08a13          	addi	x20,x1,28

80000010 <lp>:
80000010:	0000a103          	lw	x2,0(x1)
80000014:	00408093          	addi	x1,x1,4
80000018:	00000013          	addi	x0,x0,0
8000001c:	002f8fb3          	add	x31,x31,x2
80000020:	ff4098e3          	bne	x1,x20,80000010 <lp>
80000024:	001f8f93          	addi	x31,x31,1

80000028 <lp2>:
80000028:	0000006f          	jal	x0,80000028 <lp2>

Дизассемблирование раздела .data:

8000002c <_x>:
8000002c:	0001                	.insn	2, 0x0001
8000002e:	0000                	.insn	2, 0x
80000030:	0002                	.insn	2, 0x0002
80000032:	0000                	.insn	2, 0x
80000034:	00000003          	lb	x0,0(x0) # 0 <enroll-0x1>
80000038:	0004                	.insn	2, 0x0004
8000003a:	0000                	.insn	2, 0x
8000003c:	0005                	.insn	2, 0x0005
8000003e:	0000                	.insn	2, 0x
80000040:	0006                	.insn	2, 0x0006
80000042:	0000                	.insn	2, 0x
80000044:	00000007          	.insn	4, 0x0007
80000048:	0008                	.insn	2, 0x0008
